h:\qt\c++\remotcontrolclient\remotcontrolclient\release\remotcontrolclient.pch
h:\qt\c++\remotcontrolclient\remotcontrolclient\release\vc141.pdb
h:\qt\c++\remotcontrolclient\remotcontrolclient\release\pch.obj
h:\qt\c++\remotcontrolclient\remotcontrolclient\release\systeminfo.obj
h:\qt\c++\remotcontrolclient\remotcontrolclient\release\socket.obj
h:\qt\c++\remotcontrolclient\remotcontrolclient\release\screen.obj
h:\qt\c++\remotcontrolclient\remotcontrolclient\release\remotcontrolclient.obj
h:\qt\c++\remotcontrolclient\remotcontrolclient\release\file.obj
h:\qt\c++\remotcontrolclient\remotcontrolclient\release\cbase64coder.obj
h:\qt\c++\remotcontrolclient\release\remotcontrolclient.exe
h:\qt\c++\remotcontrolclient\release\remotcontrolclient.pdb
h:\qt\c++\remotcontrolclient\remotcontrolclient\release\nativecodeanalysis.read.1.tlog
h:\qt\c++\remotcontrolclient\remotcontrolclient\release\cbase64coder.nativecodeanalysis.xml
h:\qt\c++\remotcontrolclient\remotcontrolclient\release\file.nativecodeanalysis.xml
h:\qt\c++\remotcontrolclient\remotcontrolclient\release\pch.nativecodeanalysis.xml
h:\qt\c++\remotcontrolclient\remotcontrolclient\release\remotcontrolclient.nativecodeanalysis.xml
h:\qt\c++\remotcontrolclient\remotcontrolclient\release\screen.nativecodeanalysis.xml
h:\qt\c++\remotcontrolclient\remotcontrolclient\release\socket.nativecodeanalysis.xml
h:\qt\c++\remotcontrolclient\remotcontrolclient\release\systeminfo.nativecodeanalysis.xml
h:\qt\c++\remotcontrolclient\remotcontrolclient\release\vc.nativecodeanalysis.all.xml
h:\qt\c++\remotcontrolclient\remotcontrolclient\release\remotcon.b94210f2.tlog\cl.command.1.tlog
h:\qt\c++\remotcontrolclient\remotcontrolclient\release\remotcon.b94210f2.tlog\cl.read.1.tlog
h:\qt\c++\remotcontrolclient\remotcontrolclient\release\remotcon.b94210f2.tlog\cl.write.1.tlog
h:\qt\c++\remotcontrolclient\remotcontrolclient\release\remotcon.b94210f2.tlog\link.command.1.tlog
h:\qt\c++\remotcontrolclient\remotcontrolclient\release\remotcon.b94210f2.tlog\link.read.1.tlog
h:\qt\c++\remotcontrolclient\remotcontrolclient\release\remotcon.b94210f2.tlog\link.write.1.tlog
